<?xml version="1.0" encoding="UTF-8"?>
<!-- Generated by org.testng.reporters.JUnitReportReporter -->
<testsuite hostname="DESKTOP-DAG9GGF" failures="0" tests="1" name="driverFactory.DriverScript" time="28.120" errors="0" timestamp="2023-12-08T16:34:01 IST" skipped="0">
  <testcase classname="driverFactory.DriverScript" name="startTest" time="28.120"/>
</testsuite> <!-- driverFactory.DriverScript -->
