<?xml version="1.0" encoding="UTF-8"?>
<!-- Generated by org.testng.reporters.JUnitReportReporter -->
<testsuite hostname="DESKTOP-DAG9GGF" failures="0" tests="1" name="driverFactory.AppTest" time="110.618" errors="0" timestamp="2023-12-15T13:11:12 IST" skipped="0">
  <testcase classname="driverFactory.AppTest" name="Excicution" time="110.618"/>
</testsuite> <!-- driverFactory.AppTest -->
