<?xml version="1.0" encoding="UTF-8"?>
<!-- Generated by org.testng.reporters.JUnitReportReporter -->
<testsuite hostname="DESKTOP-DAG9GGF" failures="0" tests="1" name="driverFactory.AppTest" time="111.427" errors="0" timestamp="2023-12-15T13:15:38 IST" skipped="0">
  <testcase classname="driverFactory.AppTest" name="Excicution" time="111.427"/>
</testsuite> <!-- driverFactory.AppTest -->
